Build started 2014/11/29 18:20:00.
     1>Project "E:\OpenFrameworks\of_v0.8.1_vs_release\apps\myApps\MarkerAR\MarkerAR.vcxproj" on node 2 (Build target(s)).
     1>ClCompile:
         D:\Program Files (x86)\Microsoft Visual Studio 11.0\VC\bin\CL.exe /c /IE:\OpenCV\249\build\include /I..\..\..\libs\openFrameworks /I..\..\..\libs\openFrameworks\graphics /I..\..\..\libs\openFrameworks\app /I..\..\..\libs\openFrameworks\sound /I..\..\..\libs\openFrameworks\utils /I..\..\..\libs\openFrameworks\communication /I..\..\..\libs\openFrameworks\video /I..\..\..\libs\openFrameworks\types /I..\..\..\libs\openFrameworks\math /I..\..\..\libs\openFrameworks\3d /I..\..\..\libs\openFrameworks\gl /I..\..\..\libs\openFrameworks\events /I..\..\..\libs\glut\include /I..\..\..\libs\rtAudio\include /I..\..\..\libs\quicktime\include /I..\..\..\libs\freetype\include /I..\..\..\libs\freetype\include\freetype2 /I..\..\..\libs\freeImage\include /I..\..\..\libs\fmodex\include /I..\..\..\libs\videoInput\include /I..\..\..\libs\glew\include\ /I..\..\..\libs\glu\include /I..\..\..\libs\tess2\include /I..\..\..\libs\cairo\include\cairo /I..\..\..\libs\poco\include /I..\..\..\libs\glfw\include /I..\..\..\libs\openssl\include /I..\..\..\addons /I..\..\..\addons\ofxAssimpModelLoader\libs /I..\..\..\addons\ofxAssimpModelLoader\src /I..\..\..\addons\ofxAssimpModelLoader\libs\assimp /I..\..\..\addons\ofxAssimpModelLoader\libs\assimp\include /I..\..\..\addons\ofxAssimpModelLoader\libs\assimp\include\Compiler /I..\..\..\addons\ofxAssimpModelLoader\libs\assimp\lib /I..\..\..\addons\ofxAssimpModelLoader\libs\assimp\lib\vs /I..\..\..\addons\ofxXmlSettings\libs /I..\..\..\addons\ofxXmlSettings\src /ZI /nologo /W3 /WX- /Od /Oy- /D WIN32 /D _DEBUG /D _CONSOLE /D POCO_STATIC /D CAIRO_WIN32_STATIC_BUILD /D DISABLE_SOME_FLOATING_POINT /D _UNICODE /D UNICODE /Gm /EHsc /RTC1 /MDd /GS /fp:precise /Zc:wchar_t /Zc:forScope /Fo"obj\Debug\\" /Fd"obj\Debug\vc110.pdb" /Gd /TP /analyze- /errorReport:prompt src\ofApp.cpp
         ofApp.cpp
     1>e:\openframeworks\of_v0.8.1_vs_release\libs\poco\include\poco\streamconverter.h(126): warning C4250: 'Poco::InputStreamConverter' : inherits 'std::basic_istream<_Elem,_Traits>::std::basic_istream<_Elem,_Traits>::_Add_vtordisp1' via dominance
                 with
                 [
                     _Elem=char,
                     _Traits=std::char_traits<char>
                 ]
                 d:\program files (x86)\microsoft visual studio 11.0\vc\include\istream(74) : see declaration of 'std::basic_istream<_Elem,_Traits>::_Add_vtordisp1'
                 with
                 [
                     _Elem=char,
                     _Traits=std::char_traits<char>
                 ]
     1>e:\openframeworks\of_v0.8.1_vs_release\libs\poco\include\poco\streamconverter.h(144): warning C4250: 'Poco::OutputStreamConverter' : inherits 'std::basic_ostream<_Elem,_Traits>::std::basic_ostream<_Elem,_Traits>::_Add_vtordisp2' via dominance
                 with
                 [
                     _Elem=char,
                     _Traits=std::char_traits<char>
                 ]
                 d:\program files (x86)\microsoft visual studio 11.0\vc\include\ostream(90) : see declaration of 'std::basic_ostream<_Elem,_Traits>::_Add_vtordisp2'
                 with
                 [
                     _Elem=char,
                     _Traits=std::char_traits<char>
                 ]
     1>e:\openframeworks\of_v0.8.1_vs_release\addons\ofxassimpmodelloader\src\ofxassimpanimation.h(10): warning C4099: 'aiScene' : type name first seen using 'struct' now seen using 'class'
                 e:\openframeworks\of_v0.8.1_vs_release\addons\ofxassimpmodelloader\libs\assimp\include\assimp.h(53) : see declaration of 'aiScene'
     1>e:\openframeworks\of_v0.8.1_vs_release\addons\ofxassimpmodelloader\src\ofxassimpmodelloader.h(22): warning C4099: 'aiScene' : type name first seen using 'struct' now seen using 'class'
                 e:\openframeworks\of_v0.8.1_vs_release\addons\ofxassimpmodelloader\libs\assimp\include\assimp.h(53) : see declaration of 'aiScene'
     1>e:\openframeworks\of_v0.8.1_vs_release\addons\ofxassimpmodelloader\src\ofxassimpmodelloader.h(135): warning C4099: 'aiVector3D' : type name first seen using 'class' now seen using 'struct'
                 e:\openframeworks\of_v0.8.1_vs_release\addons\ofxassimpmodelloader\libs\assimp\include\aivector3d.h(61) : see declaration of 'aiVector3D'
                 e:\openframeworks\of_v0.8.1_vs_release\addons\ofxassimpmodelloader\libs\assimp\include\aivector3d.h(61) : see declaration of 'aiVector3D'
     1>e:\openframeworks\of_v0.8.1_vs_release\addons\ofxassimpmodelloader\src\ofxassimpmodelloader.h(136): warning C4099: 'aiNode' : type name first seen using 'class' now seen using 'struct'
                 e:\openframeworks\of_v0.8.1_vs_release\addons\ofxassimpmodelloader\src\ofxassimpmodelloader.h(23) : see declaration of 'aiNode'
     1>e:\openframeworks\of_v0.8.1_vs_release\addons\ofxassimpmodelloader\src\ofxassimpmodelloader.h(136): warning C4099: 'aiVector3D' : type name first seen using 'class' now seen using 'struct'
                 e:\openframeworks\of_v0.8.1_vs_release\addons\ofxassimpmodelloader\libs\assimp\include\aivector3d.h(61) : see declaration of 'aiVector3D'
                 e:\openframeworks\of_v0.8.1_vs_release\addons\ofxassimpmodelloader\libs\assimp\include\aivector3d.h(61) : see declaration of 'aiVector3D'
       Link:
         D:\Program Files (x86)\Microsoft Visual Studio 11.0\VC\bin\link.exe /ERRORREPORT:PROMPT /OUT:"bin\MarkerAR_debug.exe" /INCREMENTAL /NOLOGO /LIBPATH:E:\OpenCV\249\build\x86\vc11\lib /LIBPATH:..\..\..\libs\glut\lib\vs /LIBPATH:..\..\..\libs\glfw\lib\vs /LIBPATH:..\..\..\libs\rtAudio\lib\vs /LIBPATH:..\..\..\libs\FreeImage\lib\vs /LIBPATH:..\..\..\libs\freetype\lib\vs /LIBPATH:..\..\..\libs\quicktime\lib\vs /LIBPATH:..\..\..\libs\fmodex\lib\vs /LIBPATH:..\..\..\libs\videoInput\lib\vs /LIBPATH:..\..\..\libs\cairo\lib\vs /LIBPATH:..\..\..\libs\glew\lib\vs /LIBPATH:..\..\..\libs\glu\lib\vs /LIBPATH:..\..\..\libs\openssl\lib\vs /LIBPATH:..\..\..\libs\Poco\lib\vs /LIBPATH:..\..\..\libs\tess2\lib\vs /LIBPATH:..\..\..\addons\ofxAssimpModelLoader\libs\assimp\lib\vs opencv_calib3d249d.lib opencv_contrib249d.lib opencv_core249d.lib opencv_features2d249d.lib opencv_flann249d.lib opencv_gpu249d.lib opencv_highgui249d.lib opencv_imgproc249d.lib opencv_legacy249d.lib opencv_ml249d.lib opencv_nonfree249d.lib opencv_objdetect249d.lib opencv_ocl249d.lib opencv_photo249d.lib opencv_stitching249d.lib opencv_superres249d.lib opencv_ts249d.lib opencv_video249d.lib opencv_videostab249d.lib "cairo-static.lib" "pixman-1.lib" msimg32.lib OpenGL32.lib GLu32.lib kernel32.lib setupapi.lib Vfw32.lib comctl32.lib glut32.lib rtAudioD.lib videoInputD.lib libfreetype.lib FreeImage.lib qtmlClient.lib dsound.lib user32.lib gdi32.lib winspool.lib comdlg32.lib advapi32.lib shell32.lib ole32.lib oleaut32.lib uuid.lib glew32s.lib fmodex_vc.lib glu32.lib ssleay32MD.lib libeay32MD.lib crypt32.lib PocoFoundationmdd.lib PocoNetmdd.lib PocoUtilmdd.lib PocoXMLmdd.lib Ws2_32.lib tess2.lib glfw3.lib kernel32.lib user32.lib gdi32.lib winspool.lib comdlg32.lib advapi32.lib shell32.lib ole32.lib oleaut32.lib uuid.lib odbc32.lib odbccp32.lib assimp.lib /NODEFAULTLIB:PocoFoundationmdd.lib /NODEFAULTLIB:atlthunk.lib /NODEFAULTLIB:msvcrt /NODEFAULTLIB:libcmt /NODEFAULTLIB:LIBC /NODEFAULTLIB:LIBCMTD /MANIFEST /MANIFESTUAC:"level='asInvoker' uiAccess='false'" /manifest:embed /DEBUG /PDB:"bin\MarkerAR_debug.pdb" /SUBSYSTEM:CONSOLE /TLBID:1 /DYNAMICBASE:NO /NXCOMPAT /IMPLIB:"bin\MarkerAR_debug.lib" /MACHINE:X86 /SAFESEH obj\Debug\icon.res
         obj\Debug\main.obj
         obj\Debug\MarkerRecognizer.obj
         obj\Debug\ofApp.obj
         obj\Debug\ofxAssimpAnimation.obj
         obj\Debug\ofxAssimpMeshHelper.obj
         obj\Debug\ofxAssimpModelLoader.obj
         obj\Debug\ofxAssimpTexture.obj
         obj\Debug\ofxXmlSettings.obj
         obj\Debug\tinyxml.obj
         obj\Debug\tinyxmlerror.obj
         obj\Debug\tinyxmlparser.obj
         E:\OpenFrameworks\of_v0.8.1_vs_release\libs\openFrameworksCompiled\lib\vs\openframeworksLib_debug.lib
         MarkerAR.vcxproj -> E:\OpenFrameworks\of_v0.8.1_vs_release\apps\myApps\MarkerAR\bin\MarkerAR_debug.exe
       PostBuildEvent:
         xcopy /e /i /y "E:\OpenFrameworks\of_v0.8.1_vs_release\apps\myApps\MarkerAR\..\..\..\export\vs\*.dll" "E:\OpenFrameworks\of_v0.8.1_vs_release\apps\myApps\MarkerAR\bin"
         :VCEnd
         E:\OpenFrameworks\of_v0.8.1_vs_release\apps\myApps\MarkerAR\..\..\..\export\vs\Assimp32.dll
         E:\OpenFrameworks\of_v0.8.1_vs_release\apps\myApps\MarkerAR\..\..\..\export\vs\fmodex.dll
         E:\OpenFrameworks\of_v0.8.1_vs_release\apps\myApps\MarkerAR\..\..\..\export\vs\fmodexL.dll
         E:\OpenFrameworks\of_v0.8.1_vs_release\apps\myApps\MarkerAR\..\..\..\export\vs\FreeImage.dll
         E:\OpenFrameworks\of_v0.8.1_vs_release\apps\myApps\MarkerAR\..\..\..\export\vs\FreeType-6.dll
         E:\OpenFrameworks\of_v0.8.1_vs_release\apps\myApps\MarkerAR\..\..\..\export\vs\glut32.dll
         E:\OpenFrameworks\of_v0.8.1_vs_release\apps\myApps\MarkerAR\..\..\..\export\vs\libeay32.dll
         E:\OpenFrameworks\of_v0.8.1_vs_release\apps\myApps\MarkerAR\..\..\..\export\vs\ssleay32.dll
         E:\OpenFrameworks\of_v0.8.1_vs_release\apps\myApps\MarkerAR\..\..\..\export\vs\Zlib.dll
         复制了 9 个文件
     1>Done Building Project "E:\OpenFrameworks\of_v0.8.1_vs_release\apps\myApps\MarkerAR\MarkerAR.vcxproj" (Build target(s)).

Build succeeded.

Time Elapsed 00:00:05.05
